<?xml version="1.0" encoding="UTF-8"?>
<!-- Generated by org.testng.reporters.JUnitReportReporter -->
<testsuite hostname="USBLRVEENAKK2" failures="0" tests="8" name="testcases.HomeTest" time="3.275" errors="0" timestamp="2024-03-05T11:37:38 IST" skipped="0">
  <testcase classname="testcases.HomeTest" name="validateHomePageLogo" time="0.187"/>
  <testcase classname="testcases.HomeTest" name="validateHeaders" time="1.062"/>
  <testcase classname="testcases.HomeTest" name="verifyFullFledgeText" time="0.070"/>
  <testcase classname="testcases.HomeTest" name="verifyLeftArrow" time="0.067"/>
  <testcase classname="testcases.HomeTest" name="verifyRightArrow" time="0.057"/>
  <testcase classname="testcases.HomeTest" name="verifyGirlImages" time="1.623"/>
  <testcase classname="testcases.HomeTest" name="verifySubscription" time="0.126"/>
  <testcase classname="testcases.HomeTest" name="verifySrollUpArrow" time="0.083"/>
  <system-out>
    <![CDATA[=====Browser Session Started=====
=====Browser Session End=====]]>
  </system-out>
</testsuite> <!-- testcases.HomeTest -->
