<?xml version="1.0" encoding="UTF-8"?>
<!-- Generated by org.testng.reporters.JUnitReportReporter -->
<testsuite hostname="USBLRVEENAKK2" failures="0" tests="8" name="testcases.HomePageTest" time="3.063" errors="0" timestamp="2024-03-04T12:29:24 IST" skipped="0">
  <testcase classname="testcases.HomePageTest" name="validateHomePageLogo" time="0.110"/>
  <testcase classname="testcases.HomePageTest" name="validateHeaders" time="1.016"/>
  <testcase classname="testcases.HomePageTest" name="verifyFullFledgeText" time="0.058"/>
  <testcase classname="testcases.HomePageTest" name="verifyLeftArrow" time="0.059"/>
  <testcase classname="testcases.HomePageTest" name="verifyRightArrow" time="0.053"/>
  <testcase classname="testcases.HomePageTest" name="verifyGirlImages" time="1.575"/>
  <testcase classname="testcases.HomePageTest" name="verifySubscription" time="0.099"/>
  <testcase classname="testcases.HomePageTest" name="verifySrollUpArrow" time="0.093"/>
  <system-out>
    <![CDATA[=====Browser Session Started=====
=====Browser Session End=====]]>
  </system-out>
</testsuite> <!-- testcases.HomePageTest -->
