<?xml version="1.0" encoding="UTF-8"?>
<!-- Generated by org.testng.reporters.JUnitReportReporter -->
<testsuite hostname="USBLRVEENAKK2" failures="0" tests="8" name="testcases.HomeTest" time="3.515" errors="0" timestamp="2024-03-05T11:43:26 IST" skipped="0">
  <testcase classname="testcases.HomeTest" name="validateHomePageLogo" time="0.236"/>
  <testcase classname="testcases.HomeTest" name="validateHeaders" time="1.157"/>
  <testcase classname="testcases.HomeTest" name="verifyFullFledgeText" time="0.105"/>
  <testcase classname="testcases.HomeTest" name="verifyLeftArrow" time="0.105"/>
  <testcase classname="testcases.HomeTest" name="verifyRightArrow" time="0.091"/>
  <testcase classname="testcases.HomeTest" name="verifyGirlImages" time="1.626"/>
  <testcase classname="testcases.HomeTest" name="verifySubscription" time="0.107"/>
  <testcase classname="testcases.HomeTest" name="verifySrollUpArrow" time="0.088"/>
  <system-out>
    <![CDATA[=====Browser Session Started=====
=====Browser Session End=====]]>
  </system-out>
</testsuite> <!-- testcases.HomeTest -->
